<?xml version="1.0" encoding="UTF-8"?>
<!-- Generated by org.testng.reporters.JUnitReportReporter -->
<testsuite skipped="0" hostname="xd-w7x32-397" name="com.bts.LoginTest" tests="2" failures="0" timestamp="30 May 2017 17:25:22 GMT" time="71.463" errors="0">
  <testcase name="positiveLoginTest" time="35.854" classname="com.bts.LoginTest"/>
  <testcase name="positiveLoginTest" time="35.609" classname="com.bts.LoginTest"/>
</testsuite> <!-- com.bts.LoginTest -->
