<?xml version="1.0" encoding="UTF-8"?>
<!-- Generated by org.testng.reporters.JUnitReportReporter -->
<testsuite skipped="0" hostname="xdw7x32w049" name="com.bts.FirstTest" tests="1" failures="0" timestamp="10 May 2017 17:57:53 GMT" time="12.100" errors="0">
  <testcase name="firstTestMethod" time="12.100" classname="com.bts.FirstTest"/>
</testsuite> <!-- com.bts.FirstTest -->
